MyLudo/app/build/intermediates/manifest_merge_blame_file/debug/manifest-merger-blame-debug-report.txt
1<?xml version="1.0" encoding="utf-8"?>
2<manifest xmlns:android="http://schemas.android.com/apk/res/android"
3    package="com.example.myludo"
4    android:versionCode="1"
5    android:versionName="1.0" >
6
7    <uses-sdk
8        android:minSdkVersion="21"
8-->src\main\AndroidManifest.xml
9        android:targetSdkVersion="31" />
9-->src\main\AndroidManifest.xml
10
11    <application
11-->src\main\AndroidManifest.xml:5:5-43:19
12        android:allowBackup="true"
12-->src\main\AndroidManifest.xml:6:9-35
13        android:appComponentFactory="androidx.core.app.CoreComponentFactory"
13-->[androidx.core:core:1.7.0] AndroidManifest.xml:24:18-86
14        android:debuggable="true"
15        android:icon="@drawable/icon"
15-->src\main\AndroidManifest.xml:7:9-38
16        android:label="@string/app_name"
16-->src\main\AndroidManifest.xml:8:9-41
17        android:supportsRtl="true"
17-->src\main\AndroidManifest.xml:9:9-35
18        android:testOnly="true"
19        android:theme="@style/AppTheme" >
19-->src\main\AndroidManifest.xml:10:9-40
20        <activity
20-->src\main\AndroidManifest.xml:11:9-19:20
21            android:name="com.example.myludo.SplashScreen"
21-->src\main\AndroidManifest.xml:12:13-41
22            android:exported="true" >
22-->src\main\AndroidManifest.xml:13:13-36
23            <intent-filter>
23-->src\main\AndroidManifest.xml:14:13-18:29
24                <action android:name="android.intent.action.MAIN" />
24-->src\main\AndroidManifest.xml:15:17-69
24-->src\main\AndroidManifest.xml:15:25-66
25
26                <category android:name="android.intent.category.LAUNCHER" />
26-->src\main\AndroidManifest.xml:17:17-77
26-->src\main\AndroidManifest.xml:17:27-74
27            </intent-filter>
28        </activity>
29        <activity
29-->src\main\AndroidManifest.xml:20:9-22:39
30            android:name="com.example.myludo.Game"
30-->src\main\AndroidManifest.xml:21:13-33
31            android:exported="true" />
31-->src\main\AndroidManifest.xml:22:13-36
32        <activity
32-->src\main\AndroidManifest.xml:23:9-25:39
33            android:name="com.example.myludo.PlayerSelect"
33-->src\main\AndroidManifest.xml:24:13-41
34            android:exported="true" />
34-->src\main\AndroidManifest.xml:25:13-36
35        <activity
35-->src\main\AndroidManifest.xml:27:9-30:68
36            android:name="com.example.myludo.GameOverRed"
36-->src\main\AndroidManifest.xml:28:13-40
37            android:exported="true"
37-->src\main\AndroidManifest.xml:29:13-36
38            android:label="@string/title_activity_game_over_red" />
38-->src\main\AndroidManifest.xml:30:13-65
39        <activity
39-->src\main\AndroidManifest.xml:31:9-34:70
40            android:name="com.example.myludo.GameOverGreen"
40-->src\main\AndroidManifest.xml:32:13-42
41            android:exported="true"
41-->src\main\AndroidManifest.xml:33:13-36
42            android:label="@string/title_activity_game_over_green" />
42-->src\main\AndroidManifest.xml:34:13-67
43        <activity
43-->src\main\AndroidManifest.xml:35:9-38:69
44            android:name="com.example.myludo.GameOverBlue"
44-->src\main\AndroidManifest.xml:36:13-41
45            android:exported="true"
45-->src\main\AndroidManifest.xml:37:13-36
46            android:label="@string/title_activity_game_over_blue" />
46-->src\main\AndroidManifest.xml:38:13-66
47        <activity
47-->src\main\AndroidManifest.xml:39:9-42:80
48            android:name="com.example.myludo.GameOverYellow"
48-->src\main\AndroidManifest.xml:40:13-43
49            android:exported="true"
49-->src\main\AndroidManifest.xml:41:13-36
50            android:label="@string/title_activity_game_over_yellow" />
50-->src\main\AndroidManifest.xml:42:13-68
51
52        <provider
52-->[androidx.emoji2:emoji2:1.0.0] AndroidManifest.xml:26:9-34:20
53            android:name="androidx.startup.InitializationProvider"
53-->[androidx.emoji2:emoji2:1.0.0] AndroidManifest.xml:27:13-67
54            android:authorities="com.example.myludo.androidx-startup"
54-->[androidx.emoji2:emoji2:1.0.0] AndroidManifest.xml:28:13-68
55            android:exported="false" >
55-->[androidx.emoji2:emoji2:1.0.0] AndroidManifest.xml:29:13-37
56            <meta-data
56-->[androidx.emoji2:emoji2:1.0.0] AndroidManifest.xml:31:13-33:52
57                android:name="androidx.emoji2.text.EmojiCompatInitializer"
57-->[androidx.emoji2:emoji2:1.0.0] AndroidManifest.xml:32:17-75
58                android:value="androidx.startup" />
58-->[androidx.emoji2:emoji2:1.0.0] AndroidManifest.xml:33:17-49
59            <meta-data
59-->[androidx.lifecycle:lifecycle-process:2.4.0] AndroidManifest.xml:31:13-33:52
60                android:name="androidx.lifecycle.ProcessLifecycleInitializer"
60-->[androidx.lifecycle:lifecycle-process:2.4.0] AndroidManifest.xml:32:17-78
61                android:value="androidx.startup" />
61-->[androidx.lifecycle:lifecycle-process:2.4.0] AndroidManifest.xml:33:17-49
62        </provider>
63    </application>
64
65</manifest>